2018-02-09 16:51:26,835 ERROR server.ServerCore [Thread-2] invalid type code: 00
2018-02-09 16:51:26,835 ERROR server.ServerCore [Thread-1] invalid type code: 00
2018-02-09 16:51:26,837 INFO server.ServerCore [Thread-2] Client Disconnected
2018-02-09 16:51:26,837 INFO server.ServerCore [Thread-1] Client Disconnected
2018-02-09 16:56:13,404 ERROR server.ServerCore [Thread-3] null
2018-02-09 16:56:13,414 INFO server.ServerCore [Thread-3] Client Disconnected
2018-02-09 16:56:22,150 ERROR server.ServerCore [Thread-2] null
2018-02-09 16:56:22,150 ERROR server.ServerCore [Thread-1] null
2018-02-09 16:56:22,153 INFO server.ServerCore [Thread-2] Client Disconnected
2018-02-09 16:56:22,153 INFO server.ServerCore [Thread-1] Client Disconnected
2018-02-09 17:05:37,225 ERROR server.ServerCore [Thread-4] null
2018-02-09 17:05:37,280 INFO server.ServerCore [Thread-4] Client Disconnected
2018-02-09 17:05:45,182 ERROR server.ServerCore [Thread-5] null
2018-02-09 17:05:45,185 INFO server.ServerCore [Thread-5] Client Disconnected
2018-02-09 17:12:53,895 ERROR server.ServerCore [Thread-7] null
2018-02-09 17:12:53,899 INFO server.ServerCore [Thread-7] Client Disconnected
2018-02-09 17:13:00,868 ERROR server.ServerCore [Thread-6] null
2018-02-09 17:13:00,873 INFO server.ServerCore [Thread-6] Client Disconnected
2018-02-09 18:10:22,014 ERROR server.ServerCore [Thread-8] null
2018-02-09 18:10:22,195 INFO server.ServerCore [Thread-8] Client Disconnected
2018-02-09 18:10:23,413 ERROR server.ServerCore [Thread-9] null
2018-02-09 18:10:23,417 INFO server.ServerCore [Thread-9] Client Disconnected
2018-02-09 18:15:58,594 ERROR server.ServerCore [Thread-10] null
2018-02-09 18:15:58,819 INFO server.ServerCore [Thread-10] Client Disconnected
2018-02-09 18:15:59,902 ERROR server.ServerCore [Thread-11] null
2018-02-09 18:15:59,905 INFO server.ServerCore [Thread-11] Client Disconnected
2018-02-09 18:17:33,840 ERROR server.ServerCore [Thread-12] null
2018-02-09 18:17:33,840 ERROR server.ServerCore [Thread-13] null
2018-02-09 18:17:33,856 INFO server.ServerCore [Thread-12] Client Disconnected
2018-02-09 18:17:33,856 INFO server.ServerCore [Thread-13] Client Disconnected
2018-02-09 18:26:12,879 ERROR server.ServerCore [Thread-15] null
2018-02-09 18:26:12,905 INFO server.ServerCore [Thread-15] Client Disconnected
2018-02-09 18:26:17,773 ERROR server.ServerCore [Thread-14] null
2018-02-09 18:26:17,775 INFO server.ServerCore [Thread-14] Client Disconnected
2018-02-09 18:53:10,313 ERROR server.ServerCore [Thread-16] null
2018-02-09 18:53:10,338 INFO server.ServerCore [Thread-16] Client Disconnected
2018-02-09 18:53:14,321 ERROR server.ServerCore [Thread-17] null
2018-02-09 18:53:14,324 INFO server.ServerCore [Thread-17] Client Disconnected
2018-02-09 18:54:54,078 ERROR server.ServerCore [Thread-18] null
2018-02-09 18:54:54,081 INFO server.ServerCore [Thread-18] Client Disconnected
2018-02-09 18:54:57,088 ERROR server.ServerCore [Thread-19] null
2018-02-09 18:54:57,090 INFO server.ServerCore [Thread-19] Client Disconnected
2018-02-09 18:59:46,713 ERROR server.ServerCore [Thread-21] null
2018-02-09 18:59:46,740 INFO server.ServerCore [Thread-21] Client Disconnected
2018-02-09 18:59:53,396 ERROR server.ServerCore [Thread-20] null
2018-02-09 18:59:53,399 INFO server.ServerCore [Thread-20] Client Disconnected
2018-02-09 19:03:24,690 ERROR server.ServerCore [Thread-23] null
2018-02-09 19:03:24,692 INFO server.ServerCore [Thread-23] Client Disconnected
2018-02-09 19:03:29,572 ERROR server.ServerCore [Thread-22] null
2018-02-09 19:03:29,574 INFO server.ServerCore [Thread-22] Client Disconnected
2018-02-09 19:07:26,731 ERROR server.ServerCore [Thread-25] null
2018-02-09 19:07:26,733 INFO server.ServerCore [Thread-25] Client Disconnected
2018-02-09 19:07:32,208 ERROR server.ServerCore [Thread-24] null
2018-02-09 19:07:32,213 INFO server.ServerCore [Thread-24] Client Disconnected
2018-02-09 19:14:51,569 ERROR server.ServerCore [Thread-26] null
2018-02-09 19:14:51,574 INFO server.ServerCore [Thread-26] Client Disconnected
2018-02-09 19:14:54,119 ERROR server.ServerCore [Thread-27] null
2018-02-09 19:14:54,143 INFO server.ServerCore [Thread-27] Client Disconnected
2018-02-09 19:27:46,093 ERROR server.ServerCore [Thread-29] null
2018-02-09 19:27:46,093 ERROR server.ServerCore [Thread-28] null
2018-02-09 19:27:47,207 INFO server.ServerCore [Thread-29] Client Disconnected
2018-02-09 19:27:47,216 INFO server.ServerCore [Thread-28] Client Disconnected
2018-02-09 20:30:51,470 ERROR server.ServerCore [Thread-1] null
2018-02-09 20:30:51,501 INFO server.ServerCore [Thread-1] Client Disconnected
2018-02-09 20:30:54,155 ERROR server.ServerCore [Thread-2] null
2018-02-09 20:30:54,158 INFO server.ServerCore [Thread-2] Client Disconnected
2018-02-09 20:39:31,072 ERROR server.ServerCore [Thread-4] null
2018-02-09 20:39:31,075 INFO server.ServerCore [Thread-4] Client Disconnected
2018-02-09 20:39:38,682 ERROR server.ServerCore [Thread-3] null
2018-02-09 20:39:38,684 INFO server.ServerCore [Thread-3] Client Disconnected
2018-02-09 20:41:40,681 ERROR server.ServerCore [Thread-5] null
2018-02-09 20:41:40,684 INFO server.ServerCore [Thread-5] Client Disconnected
2018-02-09 20:43:07,013 ERROR server.ServerCore [Thread-1] invalid type code: 00
2018-02-09 20:43:07,013 ERROR server.ServerCore [Thread-2] invalid type code: 00
2018-02-09 20:43:07,019 INFO server.ServerCore [Thread-1] Client Disconnected
2018-02-09 20:43:07,021 INFO server.ServerCore [Thread-2] Client Disconnected
2018-02-09 20:56:22,183 ERROR server.ServerCore [Thread-1] null
2018-02-09 20:56:22,279 INFO server.ServerCore [Thread-1] Client Disconnected
2018-02-09 20:56:23,898 ERROR server.ServerCore [Thread-2] null
2018-02-09 20:56:23,902 INFO server.ServerCore [Thread-2] Client Disconnected
2018-02-09 20:58:46,139 ERROR server.ServerCore [Thread-3] null
2018-02-09 20:58:46,141 INFO server.ServerCore [Thread-3] Client Disconnected
2018-02-09 21:01:33,526 ERROR server.ServerCore [Thread-5] null
2018-02-09 21:01:33,532 INFO server.ServerCore [Thread-5] Client Disconnected
2018-02-09 21:01:40,147 ERROR server.ServerCore [Thread-4] null
2018-02-09 21:01:40,151 INFO server.ServerCore [Thread-4] Client Disconnected
2018-02-09 21:07:42,669 ERROR server.ServerCore [Thread-7] null
2018-02-09 21:07:42,672 INFO server.ServerCore [Thread-7] Client Disconnected
2018-02-09 21:07:49,374 ERROR server.ServerCore [Thread-6] null
2018-02-09 21:07:49,379 INFO server.ServerCore [Thread-6] Client Disconnected
2018-02-09 21:09:56,106 ERROR server.ServerCore [Thread-8] null
2018-02-09 21:09:56,147 INFO server.ServerCore [Thread-8] Client Disconnected
2018-02-09 21:10:00,573 ERROR server.ServerCore [Thread-9] null
2018-02-09 21:10:00,576 INFO server.ServerCore [Thread-9] Client Disconnected
2018-02-09 21:12:28,597 ERROR server.ServerCore [Thread-11] null
2018-02-09 21:12:28,611 INFO server.ServerCore [Thread-11] Client Disconnected
2018-02-09 21:12:35,347 ERROR server.ServerCore [Thread-10] null
2018-02-09 21:12:35,350 INFO server.ServerCore [Thread-10] Client Disconnected
2018-02-09 21:13:33,814 ERROR server.ServerCore [Thread-13] null
2018-02-09 21:13:33,816 INFO server.ServerCore [Thread-13] Client Disconnected
2018-02-09 21:13:44,645 ERROR server.ServerCore [Thread-12] null
2018-02-09 21:13:44,668 INFO server.ServerCore [Thread-12] Client Disconnected
2018-02-09 21:19:15,415 ERROR server.ServerCore [Thread-15] null
2018-02-09 21:19:15,419 INFO server.ServerCore [Thread-15] Client Disconnected
2018-02-09 21:19:19,411 ERROR server.ServerCore [Thread-14] null
2018-02-09 21:19:19,422 INFO server.ServerCore [Thread-14] Client Disconnected
2018-02-09 21:21:00,449 ERROR server.ServerCore [Thread-17] null
2018-02-09 21:21:00,454 INFO server.ServerCore [Thread-17] Client Disconnected
2018-02-09 21:21:05,410 ERROR server.ServerCore [Thread-16] null
2018-02-09 21:21:05,411 INFO server.ServerCore [Thread-16] Client Disconnected
2018-02-09 21:26:30,762 ERROR server.ServerCore [Thread-19] null
2018-02-09 21:26:30,766 INFO server.ServerCore [Thread-19] Client Disconnected
2018-02-09 21:26:34,643 ERROR server.ServerCore [Thread-18] null
2018-02-09 21:26:34,645 INFO server.ServerCore [Thread-18] Client Disconnected
2018-02-10 03:19:16,032 INFO server.ServerCore [Thread-2] Client Disconnected
2018-02-10 03:19:20,645 INFO server.ServerCore [Thread-1] Client Disconnected
2018-02-10 03:27:11,195 INFO server.ServerCore [Thread-4] Client Disconnected
2018-02-10 03:27:21,085 INFO server.ServerCore [Thread-3] Client Disconnected
2018-02-10 03:32:41,145 INFO server.ServerCore [Thread-5] Client Disconnected
2018-02-10 03:32:44,205 INFO server.ServerCore [Thread-6] Client Disconnected
2018-02-10 03:41:51,676 INFO server.ServerCore [Thread-8] Client Disconnected
2018-02-10 03:41:55,815 INFO server.ServerCore [Thread-7] Client Disconnected
2018-02-10 03:44:11,192 INFO server.ServerCore [Thread-9] Client Disconnected
2018-02-10 03:44:13,957 INFO server.ServerCore [Thread-10] Client Disconnected
2018-02-10 03:49:19,969 INFO server.ServerCore [Thread-12] Client Disconnected
2018-02-10 03:49:28,184 INFO server.ServerCore [Thread-11] Client Disconnected
2018-02-10 03:57:16,562 INFO server.ServerCore [Thread-14] Client Disconnected
2018-02-10 03:57:37,174 INFO server.ServerCore [Thread-13] Client Disconnected
2018-02-10 04:04:51,767 INFO server.ServerCore [Thread-16] Client Disconnected
2018-02-10 04:05:03,186 INFO server.ServerCore [Thread-15] Client Disconnected
2018-02-10 04:17:31,609 INFO server.ServerCore [Thread-18] Client Disconnected
2018-02-10 04:17:33,880 INFO server.ServerCore [Thread-17] Client Disconnected
2018-02-10 01:08:23,881 INFO server.ServerCore [Thread-1] Client Disconnected
2018-02-10 01:08:26,048 INFO server.ServerCore [Thread-2] Client Disconnected
2018-02-10 01:26:12,803 INFO server.ServerCore [Thread-3] Client Disconnected
2018-02-10 10:08:35,993 ERROR server.ServerCore [Thread-1] null
2018-02-10 10:08:35,996 INFO server.ServerCore [Thread-1] Client Disconnected
2018-02-10 10:08:38,318 ERROR server.ServerCore [Thread-2] null
2018-02-10 10:08:38,324 INFO server.ServerCore [Thread-2] Client Disconnected
2018-02-10 10:11:17,442 ERROR server.ServerCore [Thread-4] null
2018-02-10 10:11:17,447 INFO server.ServerCore [Thread-4] Client Disconnected
2018-02-10 10:11:20,020 ERROR server.ServerCore [Thread-3] null
2018-02-10 10:11:20,023 INFO server.ServerCore [Thread-3] Client Disconnected
2018-02-10 10:20:35,687 ERROR server.ServerCore [Thread-5] null
2018-02-10 10:20:35,690 INFO server.ServerCore [Thread-5] Client Disconnected
2018-02-10 10:20:38,104 ERROR server.ServerCore [Thread-6] null
2018-02-10 10:20:38,107 INFO server.ServerCore [Thread-6] Client Disconnected
2018-02-10 10:26:12,352 ERROR server.ServerCore [Thread-8] null
2018-02-10 10:26:12,362 INFO server.ServerCore [Thread-8] Client Disconnected
2018-02-10 10:26:12,835 ERROR server.ServerCore [Thread-7] null
2018-02-10 10:26:12,839 INFO server.ServerCore [Thread-7] Client Disconnected
2018-02-10 11:01:25,915 ERROR server.ServerCore [Thread-2] null
2018-02-10 11:01:26,072 INFO server.ServerCore [Thread-2] Client Disconnected
2018-02-10 11:01:26,119 ERROR server.ServerCore [Thread-1] null
2018-02-10 11:01:26,123 INFO server.ServerCore [Thread-1] Client Disconnected
2018-02-10 12:42:49,331 ERROR server.ServerCore [Thread-1] null
2018-02-10 12:42:49,465 INFO server.ServerCore [Thread-1] Client Disconnected
2018-02-10 12:42:49,825 ERROR server.ServerCore [Thread-2] null
2018-02-10 12:42:49,829 INFO server.ServerCore [Thread-2] Client Disconnected
2018-02-10 12:50:44,837 ERROR server.ServerCore [Thread-3] null
2018-02-10 12:50:44,924 INFO server.ServerCore [Thread-3] Client Disconnected
2018-02-10 12:50:48,648 ERROR server.ServerCore [Thread-4] null
2018-02-10 12:50:48,650 INFO server.ServerCore [Thread-4] Client Disconnected
2018-02-12 19:22:05,939 INFO server.ServerCore [Thread-2] Client Disconnected
2018-02-12 19:22:08,365 INFO server.ServerCore [Thread-1] Client Disconnected
2018-02-12 23:43:57,309 INFO server.ServerCore [Thread-1] Client Disconnected
2018-02-12 23:47:31,527 INFO server.ServerCore [Thread-2] Client Disconnected
2018-02-13 00:12:08,432 INFO server.ServerCore [Thread-3] Client Disconnected
2018-02-13 00:19:17,468 INFO server.ServerCore [Thread-1] Client Disconnected
2018-02-14 12:23:58,540 INFO server.ServerCore [Thread-1] Client Disconnected
2018-02-14 12:24:54,882 INFO server.ServerCore [Thread-2] Client Disconnected
2018-02-14 12:27:30,861 ERROR server.ServerCore [Thread-1] Internal graphics not initialized yet
2018-02-14 12:27:33,036 INFO server.ServerCore [Thread-1] Client Disconnected
2018-02-14 12:31:03,280 ERROR server.ServerCore [Thread-1] Internal graphics not initialized yet
2018-02-14 12:31:03,288 INFO server.ServerCore [Thread-1] Client Disconnected
2018-02-14 12:43:02,283 INFO server.ServerCore [Thread-1] Client Disconnected
2018-02-14 12:44:30,619 INFO server.ServerCore [Thread-2] Client Disconnected
2018-02-14 12:45:23,785 INFO server.ServerCore [Thread-3] Client Disconnected
2018-02-14 16:41:13,659 INFO server.ServerCore [Thread-1] Client Disconnected
2018-02-14 17:57:49,780 INFO server.ServerCore [Thread-2] Client Disconnected
2018-02-14 17:59:48,316 INFO server.ServerCore [Thread-1] Client Disconnected
2018-02-14 18:06:42,664 INFO server.ServerCore [Thread-2] Client Disconnected
2018-02-14 18:07:20,523 INFO server.ServerCore [Thread-3] Client Disconnected
2018-02-14 19:26:05,118 INFO server.ServerCore [Thread-5] Client Disconnected
2018-02-14 19:26:50,653 INFO server.ServerCore [Thread-4] Client Disconnected
2018-02-14 19:27:45,563 INFO server.ServerCore [Thread-6] Client Disconnected
2018-02-14 20:44:01,435 INFO server.ServerCore [Thread-7] Client Disconnected
2018-02-14 21:00:06,961 INFO server.ServerCore [Thread-8] Client Disconnected
2018-02-14 21:01:04,420 INFO server.ServerCore [Thread-9] Client Disconnected
2018-02-14 21:10:28,715 INFO server.ServerCore [Thread-10] Client Disconnected
2018-02-14 21:11:28,450 INFO server.ServerCore [Thread-11] Client Disconnected
2018-02-14 21:13:14,291 INFO server.ServerCore [Thread-12] Client Disconnected
2018-02-14 21:14:20,876 INFO server.ServerCore [Thread-13] Client Disconnected
2018-02-14 21:17:15,919 INFO server.ServerCore [Thread-14] Client Disconnected
2018-02-14 21:18:00,028 INFO server.ServerCore [Thread-15] Client Disconnected
2018-02-14 21:20:49,564 INFO server.ServerCore [Thread-16] Client Disconnected
2018-02-14 21:22:54,465 INFO server.ServerCore [Thread-17] Client Disconnected
2018-02-14 21:31:52,902 INFO server.ServerCore [Thread-18] Client Disconnected
2018-02-16 00:17:18,876 ERROR server.ServerCore [Thread-1] null
2018-02-16 00:17:18,879 INFO server.ServerCore [Thread-1] Client Disconnected
2018-02-16 04:06:22,180 ERROR server.ServerCore [Thread-1] null
2018-02-16 04:06:22,183 INFO server.ServerCore [Thread-1] Client Disconnected
2018-02-16 05:20:37,933 ERROR server.ServerCore [Thread-2] null
2018-02-16 05:20:37,962 INFO server.ServerCore [Thread-2] Client Disconnected
2018-02-16 05:43:25,176 ERROR server.ServerCore [Thread-1] null
2018-02-16 05:43:25,178 INFO server.ServerCore [Thread-1] Client Disconnected
2018-02-16 06:28:46,514 ERROR server.ServerCore [Thread-1] null
2018-02-16 06:28:46,518 INFO server.ServerCore [Thread-1] Client Disconnected
2018-02-16 06:30:30,526 ERROR server.ServerCore [Thread-1] users.Person; local class incompatible: stream classdesc serialVersionUID = -4789384446693575222, local class serialVersionUID = -8478013702014151064
2018-02-16 06:30:30,528 INFO server.ServerCore [Thread-1] Client Disconnected
2018-02-16 06:49:19,663 ERROR server.ServerCore [Thread-1] null
2018-02-16 06:49:19,666 INFO server.ServerCore [Thread-1] Client Disconnected
2018-02-16 07:55:51,353 ERROR server.ServerCore [Thread-1] null
2018-02-16 07:55:51,481 INFO server.ServerCore [Thread-1] Client Disconnected
2018-02-16 08:04:33,387 ERROR server.ServerCore [Thread-2] null
2018-02-16 08:04:33,390 INFO server.ServerCore [Thread-2] Client Disconnected
2018-02-16 08:07:04,881 ERROR server.ServerCore [Thread-1] null
2018-02-16 08:07:04,883 INFO server.ServerCore [Thread-1] Client Disconnected
2018-02-16 08:18:45,000 ERROR server.ServerCore [Thread-1] null
2018-02-16 08:18:45,004 INFO server.ServerCore [Thread-1] Client Disconnected
2018-02-16 08:32:56,308 ERROR server.ServerCore [Thread-1] null
2018-02-16 08:32:56,311 INFO server.ServerCore [Thread-1] Client Disconnected
2018-02-16 08:33:37,457 ERROR server.ServerCore [Thread-2] null
2018-02-16 08:33:37,460 INFO server.ServerCore [Thread-2] Client Disconnected
2018-02-16 08:36:11,456 ERROR server.ServerCore [Thread-1] null
2018-02-16 08:36:11,460 INFO server.ServerCore [Thread-1] Client Disconnected
2018-02-16 08:54:37,443 ERROR server.ServerCore [Thread-1] null
2018-02-16 08:54:37,448 INFO server.ServerCore [Thread-1] Client Disconnected
2018-02-16 08:59:27,217 ERROR server.ServerCore [Thread-1] null
2018-02-16 08:59:27,220 INFO server.ServerCore [Thread-1] Client Disconnected
2018-02-16 09:01:18,458 ERROR server.ServerCore [Thread-2] null
2018-02-16 09:01:18,461 INFO server.ServerCore [Thread-2] Client Disconnected
2018-02-16 09:02:01,784 ERROR server.ServerCore [Thread-3] null
2018-02-16 09:02:01,790 INFO server.ServerCore [Thread-3] Client Disconnected
2018-02-16 14:51:47,463 INFO server.ServerCore [Thread-1] Client Disconnected
2018-02-16 14:56:12,940 INFO server.ServerCore [Thread-2] Client Disconnected
2018-02-16 14:56:55,051 INFO server.ServerCore [Thread-3] Client Disconnected
2018-02-16 15:01:49,732 INFO server.ServerCore [Thread-4] Client Disconnected
2018-02-16 15:19:37,407 INFO server.ServerCore [Thread-5] Client Disconnected
2018-02-16 15:30:23,479 INFO server.ServerCore [Thread-1] Client Disconnected
2018-02-16 15:34:42,838 INFO server.ServerCore [Thread-2] Client Disconnected
2018-02-16 16:02:25,645 INFO server.ServerCore [Thread-1] Client Disconnected
2018-02-16 16:09:07,258 INFO server.ServerCore [Thread-2] Client Disconnected
2018-02-16 16:29:55,684 INFO server.ServerCore [Thread-3] Client Disconnected
2018-02-16 16:31:38,061 INFO server.ServerCore [Thread-4] Client Disconnected
2018-02-16 18:05:51,133 INFO server.ServerCore [Thread-5] Client Disconnected
2018-02-16 18:07:34,695 INFO server.ServerCore [Thread-6] Client Disconnected
2018-02-16 18:38:50,147 INFO server.ServerCore [Thread-7] Client Disconnected
2018-02-16 18:44:23,678 INFO server.ServerCore [Thread-8] Client Disconnected
2018-02-16 18:49:41,532 INFO server.ServerCore [Thread-9] Client Disconnected
2018-02-16 18:52:01,151 INFO server.ServerCore [Thread-10] Client Disconnected
2018-02-16 19:04:49,086 INFO server.ServerCore [Thread-11] Client Disconnected
2018-02-16 19:22:53,514 INFO server.ServerCore [Thread-12] Client Disconnected
2018-02-16 19:25:50,106 INFO server.ServerCore [Thread-13] Client Disconnected
2018-02-16 19:26:41,516 INFO server.ServerCore [Thread-14] Client Disconnected
2018-02-16 19:29:04,736 INFO server.ServerCore [Thread-15] Client Disconnected
2018-02-17 19:58:03,830 INFO server.ServerCore [Thread-1] Client Disconnected
2018-02-23 13:48:42,535 INFO server.ServerCore [Thread-1] Client Disconnected
2018-02-23 13:50:14,221 INFO server.ServerCore [Thread-2] Client Disconnected
2018-02-24 14:59:08,569 INFO server.ServerCore [Thread-1] Client Disconnected
2018-02-24 15:01:28,083 INFO server.ServerCore [Thread-2] Client Disconnected
2018-02-24 15:02:48,383 INFO server.ServerCore [Thread-3] Client Disconnected
2018-02-24 16:54:19,449 INFO server.ServerCore [Thread-1] Client Disconnected
2018-02-24 16:59:07,074 INFO server.ServerCore [Thread-2] Client Disconnected
2018-02-24 17:00:16,113 INFO server.ServerCore [Thread-3] Client Disconnected
2018-02-24 17:12:23,565 INFO server.ServerCore [Thread-4] Client Disconnected
2018-02-24 17:52:21,888 INFO server.ServerCore [Thread-5] Client Disconnected
2018-02-24 17:54:35,304 INFO server.ServerCore [Thread-6] Client Disconnected
2018-02-24 17:56:01,028 INFO server.ServerCore [Thread-7] Client Disconnected
2018-02-24 18:13:21,990 INFO server.ServerCore [Thread-8] Client Disconnected
2018-02-24 18:19:27,140 INFO server.ServerCore [Thread-9] Client Disconnected
2018-03-04 12:21:16,154 INFO server.ServerCore [Thread-1] Client Disconnected
2018-03-04 12:22:15,243 INFO server.ServerCore [Thread-2] Client Disconnected
2018-03-04 14:56:19,616 INFO server.ServerCore [Thread-3] Client Disconnected
2018-03-04 14:57:13,502 ERROR server.ServerCore [Thread-4] users.Customer cannot be cast to java.lang.String
2018-03-04 14:57:13,546 INFO server.ServerCore [Thread-4] Client Disconnected
2018-03-04 15:23:36,364 INFO server.ServerCore [Thread-1] Client Disconnected
2018-03-04 15:27:44,860 INFO server.ServerCore [Thread-1] Client Disconnected
2018-03-04 15:55:03,476 INFO server.ServerCore [Thread-1] Client Disconnected
2018-03-04 16:11:33,878 INFO server.ServerCore [Thread-2] Client Disconnected
2018-03-07 01:54:27,811 INFO server.ServerCore [Thread-1] Client Disconnected
2018-03-07 01:58:05,248 INFO server.ServerCore [Thread-2] Client Disconnected
2018-03-07 02:00:25,203 INFO server.ServerCore [Thread-3] Client Disconnected
2018-03-07 02:01:27,814 INFO server.ServerCore [Thread-4] Client Disconnected
2018-03-07 08:11:48,661 INFO server.ServerCore [Thread-5] Client Disconnected
2018-03-07 08:16:02,920 INFO server.ServerCore [Thread-6] Client Disconnected
2018-03-07 10:06:28,744 INFO server.ServerCore [Thread-7] Client Disconnected
